0 info it worked if it ends with ok
1 verbose cli [ 'node', '/usr/local/bin/npm', 'install', 'zlib' ]
2 info using npm@1.1.65
3 info using node@v0.8.14
4 verbose read json /Users/nhn/Documents/Workspace/webscrap/package.json
5 verbose read json /Users/nhn/Documents/Workspace/webscrap/node_modules/express/package.json
6 verbose read json /Users/nhn/Documents/Workspace/webscrap/node_modules/jade/package.json
7 verbose read json /Users/nhn/Documents/Workspace/webscrap/node_modules/jsdom/package.json
8 verbose read json /Users/nhn/Documents/Workspace/webscrap/node_modules/read/package.json
9 verbose read json /Users/nhn/Documents/Workspace/webscrap/node_modules/request/package.json
10 verbose read json /Users/nhn/Documents/Workspace/webscrap/node_modules/scraper/package.json
11 verbose read json /Users/nhn/Documents/Workspace/webscrap/node_modules/seq/package.json
12 verbose from cache /Users/nhn/Documents/Workspace/webscrap/package.json
13 verbose readDependencies using package.json deps
14 verbose cache add [ 'zlib', null ]
15 silly cache add name=undefined spec="zlib" args=["zlib",null]
16 verbose parsed url { pathname: 'zlib', path: 'zlib', href: 'zlib' }
17 silly lockFile 57968f12-zlib zlib
18 verbose lock zlib /Users/nhn/.npm/57968f12-zlib.lock
19 silly lockFile 57968f12-zlib zlib
20 verbose addNamed [ 'zlib', '' ]
21 verbose addNamed [ null, '' ]
22 silly lockFile f86964f4-zlib zlib@
23 verbose lock zlib@ /Users/nhn/.npm/f86964f4-zlib.lock
24 silly addNameRange { name: 'zlib', range: '', hasData: false }
25 verbose url raw zlib
26 verbose url resolving [ 'https://registry.npmjs.org/', './zlib' ]
27 verbose url resolved https://registry.npmjs.org/zlib
28 info trying registry request attempt 1 at 17:13:59
29 verbose etag "W9Z4D5QLBIV3M0Q2N7O6AX6X"
30 http GET https://registry.npmjs.org/zlib
31 http 304 https://registry.npmjs.org/zlib
32 silly registry.get cb [ 304,
32 silly registry.get   { server: 'CouchDB/1.2.0 (Erlang OTP/R15B)',
32 silly registry.get     etag: '"W9Z4D5QLBIV3M0Q2N7O6AX6X"',
32 silly registry.get     date: 'Fri, 16 Nov 2012 08:13:36 GMT',
32 silly registry.get     'content-length': '0' } ]
33 verbose etag zlib from cache
34 silly addNameRange number 2 { name: 'zlib', range: '', hasData: true }
35 silly addNameRange versions [ 'zlib',
35 silly addNameRange   [ '1.0.0', '1.0.1', '1.0.2', '1.0.3', '1.0.4', '1.0.5' ] ]
36 verbose addNamed [ 'zlib', '1.0.5' ]
37 verbose addNamed [ '1.0.5', '1.0.5' ]
38 silly lockFile 024ae364-zlib-1-0-5 zlib@1.0.5
39 verbose lock zlib@1.0.5 /Users/nhn/.npm/024ae364-zlib-1-0-5.lock
40 verbose read json /Users/nhn/.npm/zlib/1.0.5/package/package.json
41 silly lockFile 024ae364-zlib-1-0-5 zlib@1.0.5
42 silly lockFile f86964f4-zlib zlib@
43 silly resolved [ { name: 'zlib',
43 silly resolved     description: 'Simple, synchronous deflate/inflate for buffers',
43 silly resolved     version: '1.0.5',
43 silly resolved     homepage: 'https://github.com/kkaefer/node-zlib',
43 silly resolved     author: { name: 'Konstantin Käfer', email: 'kkaefer@gmail.com' },
43 silly resolved     repository: { type: 'git', url: 'git://github.com/kkaefer/node-zlib.git' },
43 silly resolved     engines: { node: '>=0.2.0' },
43 silly resolved     licenses: [ [Object] ],
43 silly resolved     main: './lib/zlib',
43 silly resolved     scripts: { install: 'node-waf clean ; node-waf configure build' },
43 silly resolved     readme: '# NAME\n\nnode-zlib - Simple, synchronous deflate/inflate for node.js buffers.\n\n\n\n# USAGE\n\nInstall with `npm install zlib`.\n\n    var Buffer = require(\'buffer\').Buffer;\n    var zlib = require(\'zlib\');\n    \n    var input = new Buffer(\'lorem ipsum dolor sit amet\');\n    var compressed = zlib.deflate(input);\n    var output = zlib.inflate(compressed);\n\nNote that `node-zlib` is only intended for small (< 128 KB) data that you already have buffered. It is not meant for input/output streams.\n\n# BUILDING\n\nMake sure you have `zlib` installed. Mac OS X ships with it by default.\n\nTo obtain and build the bindings:\n\n    git clone git://github.com/kkaefer/node-zlib.git\n    cd node-zlib\n    ./configure\n    make\n\nYou can also use [`npm`](https://github.com/isaacs/npm) to download and install them:\n\n    npm install zlib\n\n\n\n# TESTS\n\n[expresso](https://github.com/visionmedia/expresso) is required to run unit tests.\n\n    npm install expresso\n    make test\n\n\n\n# CONTRIBUTORS\n\n* [Konstantin Käfer](https://github.com/kkaefer)\n\n\n\n# LICENSE\n\n`node-zlib` is [BSD licensed](https://github.com/kkaefer/node-zlib/raw/master/LICENSE).\n',
43 silly resolved     readmeFilename: 'README.md',
43 silly resolved     _id: 'zlib@1.0.5',
43 silly resolved     _from: 'zlib' } ]
44 info install zlib@1.0.5 into /Users/nhn/Documents/Workspace/webscrap
45 info installOne zlib@1.0.5
46 verbose from cache /Users/nhn/.npm/zlib/1.0.5/package/package.json
47 info /Users/nhn/Documents/Workspace/webscrap/node_modules/zlib unbuild
48 verbose read json /Users/nhn/Documents/Workspace/webscrap/node_modules/zlib/package.json
49 verbose tar unpack /Users/nhn/.npm/zlib/1.0.5/package.tgz
50 silly lockFile 4d7a85e7-space-webscrap-node-modules-zlib /Users/nhn/Documents/Workspace/webscrap/node_modules/zlib
51 verbose lock /Users/nhn/Documents/Workspace/webscrap/node_modules/zlib /Users/nhn/.npm/4d7a85e7-space-webscrap-node-modules-zlib.lock
52 silly gunzTarPerm modes [ '755', '644' ]
53 silly gunzTarPerm extractEntry package.json
54 silly gunzTarPerm extractEntry .npmignore
55 silly gunzTarPerm extractEntry README.md
56 silly gunzTarPerm extractEntry LICENSE
57 silly gunzTarPerm extractEntry index.js
58 silly gunzTarPerm extractEntry configure
59 silly gunzTarPerm extractEntry lib/zlib.js
60 silly gunzTarPerm extractEntry wscript
61 silly gunzTarPerm extractEntry src/node-zlib.cc
62 silly gunzTarPerm extractEntry test/deflate.test.js
63 silly gunzTarPerm extractEntry test/inflate.test.js
64 silly gunzTarPerm extractEntry Makefile
65 verbose read json /Users/nhn/Documents/Workspace/webscrap/node_modules/zlib/package.json
66 silly lockFile 4d7a85e7-space-webscrap-node-modules-zlib /Users/nhn/Documents/Workspace/webscrap/node_modules/zlib
67 info preinstall zlib@1.0.5
68 verbose from cache /Users/nhn/Documents/Workspace/webscrap/node_modules/zlib/package.json
69 verbose readDependencies using package.json deps
70 verbose from cache /Users/nhn/Documents/Workspace/webscrap/node_modules/zlib/package.json
71 verbose readDependencies using package.json deps
72 silly resolved []
73 verbose about to build /Users/nhn/Documents/Workspace/webscrap/node_modules/zlib
74 info build /Users/nhn/Documents/Workspace/webscrap/node_modules/zlib
75 verbose from cache /Users/nhn/Documents/Workspace/webscrap/node_modules/zlib/package.json
76 verbose linkStuff [ false,
76 verbose linkStuff   false,
76 verbose linkStuff   false,
76 verbose linkStuff   '/Users/nhn/Documents/Workspace/webscrap/node_modules' ]
77 info linkStuff zlib@1.0.5
78 verbose linkBins zlib@1.0.5
79 verbose linkMans zlib@1.0.5
80 verbose rebuildBundles zlib@1.0.5
81 info install zlib@1.0.5
82 verbose unsafe-perm in lifecycle false
83 verbose set uid from=0 to=501
84 silly exec sh "-c" "node-waf clean ; node-waf configure build"
85 silly sh,-c,node-waf clean ; node-waf configure build,/Users/nhn/Documents/Workspace/webscrap/node_modules/zlib spawning
86 info zlib@1.0.5 Failed to exec install script
87 info /Users/nhn/Documents/Workspace/webscrap/node_modules/zlib unbuild
88 verbose from cache /Users/nhn/Documents/Workspace/webscrap/node_modules/zlib/package.json
89 info preuninstall zlib@1.0.5
90 info uninstall zlib@1.0.5
91 verbose true,/Users/nhn/Documents/Workspace/webscrap/node_modules,/Users/nhn/Documents/Workspace/webscrap/node_modules unbuild zlib@1.0.5
92 info postuninstall zlib@1.0.5
93 error zlib@1.0.5 install: `node-waf clean ; node-waf configure build`
93 error `sh "-c" "node-waf clean ; node-waf configure build"` failed with 1
94 error Failed at the zlib@1.0.5 install script.
94 error This is most likely a problem with the zlib package,
94 error not with npm itself.
94 error Tell the author that this fails on your system:
94 error     node-waf clean ; node-waf configure build
94 error You can get their info via:
94 error     npm owner ls zlib
94 error There is likely additional logging output above.
95 error System Darwin 11.4.2
96 error command "node" "/usr/local/bin/npm" "install" "zlib"
97 error cwd /Users/nhn/Documents/Workspace/webscrap
98 error node -v v0.8.14
99 error npm -v 1.1.65
100 error code ELIFECYCLE
101 verbose exit [ 1, true ]
